<?xml version="1.0" encoding="UTF-8"?>
<!-- Generated by org.testng.reporters.JUnitReportReporter -->
<testsuite skipped="0" hostname="Matheus" name="compasso.automation.CheckoutTest" tests="3" failures="0" timestamp="2020-11-08T21:35:33 BRT" time="126.899" errors="0">
  <testcase name="validCheckout" time="49.458" classname="compasso.automation.CheckoutTest"/>
  <system-out/>
  <testcase name="shouldNotContinueCheckoutWithAWrongCredentials" time="36.113" classname="compasso.automation.CheckoutTest"/>
  <system-out/>
  <testcase name="validCheckout" time="41.328" classname="compasso.automation.CheckoutTest"/>
  <system-out/>
</testsuite> <!-- compasso.automation.CheckoutTest -->
