<?xml version="1.0" encoding="UTF-8"?>
<!-- Generated by org.testng.reporters.JUnitReportReporter -->
<testsuite skipped="0" hostname="Matheus" name="compasso.automation.CheckoutTest" tests="3" failures="0" timestamp="2020-11-09T18:35:18 BRT" time="85.499" errors="0">
  <testcase name="shouldNotContinueCheckoutWithAWrongCredentials" time="26.583" classname="compasso.automation.CheckoutTest"/>
  <system-out/>
  <testcase name="validCheckout" time="27.874" classname="compasso.automation.CheckoutTest"/>
  <system-out/>
  <testcase name="validCheckout" time="31.042" classname="compasso.automation.CheckoutTest"/>
  <system-out/>
</testsuite> <!-- compasso.automation.CheckoutTest -->
